#
# There is insufficient memory for the Java Runtime Environment to continue.
# Native memory allocation (malloc) failed to allocate 1010016 bytes for Chunk::new
# Possible reasons:
#   The system is out of physical RAM or swap space
#   The process is running with CompressedOops enabled, and the Java Heap may be blocking the growth of the native heap
# Possible solutions:
#   Reduce memory load on the system
#   Increase physical memory or swap space
#   Check if swap backing store is full
#   Decrease Java heap size (-Xmx/-Xms)
#   Decrease number of Java threads
#   Decrease Java thread stack sizes (-Xss)
#   Set larger code cache with -XX:ReservedCodeCacheSize=
#   JVM is running with Unscaled Compressed Oops mode in which the Java heap is
#     placed in the first 4GB address space. The Java Heap base address is the
#     maximum limit for the native heap growth. Please use -XX:HeapBaseMinAddress
#     to set the Java Heap base and to place the Java Heap above 4GB virtual address.
# This output file may be truncated or incomplete.
#
#  Out of Memory Error (t:/workspace/open/src/hotspot/share/memory/arena.cpp:197), pid=8612, tid=2840
#
# JRE version: Java(TM) SE Runtime Environment (11.0.1+13) (build 11.0.1+13-LTS)
# Java VM: Java HotSpot(TM) 64-Bit Server VM (11.0.1+13-LTS, mixed mode, tiered, compressed oops, g1 gc, windows-amd64)
# No core dump will be written. Minidumps are not enabled by default on client versions of Windows
#

---------------  S U M M A R Y ------------

Command Line: C:\Users\Михаил\AppData\Local\Temp\surefire8096182080841448507\surefirebooter9062594692492813014.jar C:\Users\Михаил\AppData\Local\Temp\surefire8096182080841448507 2021-02-22T01-08-51_527-jvmRun1 surefire9494840406079908984tmp surefire_015830592614243123592tmp

Host: Intel(R) Core(TM) i5-7300HQ CPU @ 2.50GHz, 4 cores, 7G,  Windows 10 , 64 bit Build 19041 (10.0.19041.804)
Time: Mon Feb 22 01:09:10 2021 Финляндия (зима) elapsed time: 18 seconds (0d 0h 0m 18s)

---------------  T H R E A D  ---------------

Current thread (0x0000025d1d930800):  JavaThread "C2 CompilerThread0" daemon [_thread_in_native, id=2840, stack(0x00000084bed00000,0x00000084bee00000)]


Current CompileTask:
C2:  18255 5221       4       com.sun.beans.TypeResolver::resolve (37 bytes)

Stack: [0x00000084bed00000,0x00000084bee00000]
Native frames: (J=compiled Java code, j=interpreted, Vv=VM code, C=native code)
V  [jvm.dll+0x63c21a]
V  [jvm.dll+0x7797df]
V  [jvm.dll+0x77adca]
V  [jvm.dll+0x77b483]
V  [jvm.dll+0x2627f8]
V  [jvm.dll+0xc5c71]
V  [jvm.dll+0xc61fc]
V  [jvm.dll+0x2d10f4]
V  [jvm.dll+0x55412f]
V  [jvm.dll+0x21e90f]
V  [jvm.dll+0x21b846]
V  [jvm.dll+0x198390]
V  [jvm.dll+0x22a97f]
V  [jvm.dll+0x228f98]
V  [jvm.dll+0x73f03d]
V  [jvm.dll+0x63b2b2]
C  [ucrtbase.dll+0x21bb2]
C  [KERNEL32.DLL+0x17034]
C  [ntdll.dll+0x4d241]


---------------  P R O C E S S  ---------------

Threads class SMR info:
_java_thread_list=0x0000025d24bc2290, length=22, elements={
0x0000025d7d675000, 0x0000025d1d90e000, 0x0000025d1d917800, 0x0000025d1e2b3000,
0x0000025d1d930000, 0x0000025d1d930800, 0x0000025d1d937000, 0x0000025d1d940800,
0x0000025d1e3f8000, 0x0000025d1e400800, 0x0000025d1e4eb800, 0x0000025d1e611000,
0x0000025d24508800, 0x0000025d24507000, 0x0000025d24509800, 0x0000025d24507800,
0x0000025d24506000, 0x0000025d2450b000, 0x0000025d2450a000, 0x0000025d2450c800,
0x0000025d2450c000, 0x0000025d23614000
}

Java Threads: ( => current thread )
  0x0000025d7d675000 JavaThread "main" [_thread_in_native, id=16864, stack(0x00000084be200000,0x00000084be300000)]
  0x0000025d1d90e000 JavaThread "Reference Handler" daemon [_thread_blocked, id=5620, stack(0x00000084be900000,0x00000084bea00000)]
  0x0000025d1d917800 JavaThread "Finalizer" daemon [_thread_blocked, id=5172, stack(0x00000084bea00000,0x00000084beb00000)]
  0x0000025d1e2b3000 JavaThread "Signal Dispatcher" daemon [_thread_blocked, id=17820, stack(0x00000084beb00000,0x00000084bec00000)]
  0x0000025d1d930000 JavaThread "Attach Listener" daemon [_thread_blocked, id=8220, stack(0x00000084bec00000,0x00000084bed00000)]
=>0x0000025d1d930800 JavaThread "C2 CompilerThread0" daemon [_thread_in_native, id=2840, stack(0x00000084bed00000,0x00000084bee00000)]
  0x0000025d1d937000 JavaThread "C1 CompilerThread0" daemon [_thread_blocked, id=11588, stack(0x00000084bee00000,0x00000084bef00000)]
  0x0000025d1d940800 JavaThread "Sweeper thread" daemon [_thread_blocked, id=18340, stack(0x00000084bef00000,0x00000084bf000000)]
  0x0000025d1e3f8000 JavaThread "Service Thread" daemon [_thread_blocked, id=17356, stack(0x00000084bf000000,0x00000084bf100000)]
  0x0000025d1e400800 JavaThread "Common-Cleaner" daemon [_thread_blocked, id=16828, stack(0x00000084bf200000,0x00000084bf300000)]
  0x0000025d1e4eb800 JavaThread "surefire-forkedjvm-command-thread" daemon [_thread_in_native, id=17588, stack(0x00000084bf300000,0x00000084bf400000)]
  0x0000025d1e611000 JavaThread "surefire-forkedjvm-ping-30s" daemon [_thread_in_native, id=9720, stack(0x00000084bf400000,0x00000084bf500000)]
  0x0000025d24508800 JavaThread "pool-1-thread-1" [_thread_in_native, id=9344, stack(0x00000084bf900000,0x00000084bfa00000)]
  0x0000025d24507000 JavaThread "I/O dispatcher 1" [_thread_in_native, id=14232, stack(0x00000084bfa00000,0x00000084bfb00000)]
  0x0000025d24509800 JavaThread "I/O dispatcher 2" [_thread_in_native, id=12544, stack(0x00000084bfb00000,0x00000084bfc00000)]
  0x0000025d24507800 JavaThread "I/O dispatcher 3" [_thread_in_native, id=11996, stack(0x00000084bfc00000,0x00000084bfd00000)]
  0x0000025d24506000 JavaThread "I/O dispatcher 4" [_thread_in_native, id=4360, stack(0x00000084bfd00000,0x00000084bfe00000)]
  0x0000025d2450b000 JavaThread "pool-2-thread-1" [_thread_in_native, id=12776, stack(0x00000084bf500000,0x00000084bf600000)]
  0x0000025d2450a000 JavaThread "I/O dispatcher 5" [_thread_in_native, id=11156, stack(0x00000084c0000000,0x00000084c0100000)]
  0x0000025d2450c800 JavaThread "I/O dispatcher 6" [_thread_in_native, id=18284, stack(0x00000084c0100000,0x00000084c0200000)]
  0x0000025d2450c000 JavaThread "I/O dispatcher 7" [_thread_in_native, id=9000, stack(0x00000084c0200000,0x00000084c0300000)]
  0x0000025d23614000 JavaThread "I/O dispatcher 8" [_thread_in_native, id=9368, stack(0x00000084c0300000,0x00000084c0400000)]

Other Threads:
  0x0000025d1d8ea800 VMThread "VM Thread" [stack: 0x00000084be800000,0x00000084be900000] [id=17648]
  0x0000025d1e3ff800 WatcherThread [stack: 0x00000084bf100000,0x00000084bf200000] [id=1880]
  0x0000025d7d68b800 GCTaskThread "GC Thread#0" [stack: 0x00000084be300000,0x00000084be400000] [id=16512]
  0x0000025d1e75b800 GCTaskThread "GC Thread#1" [stack: 0x00000084bf600000,0x00000084bf700000] [id=14952]
  0x0000025d1e744000 GCTaskThread "GC Thread#2" [stack: 0x00000084bf700000,0x00000084bf800000] [id=17236]
  0x0000025d20df3800 GCTaskThread "GC Thread#3" [stack: 0x00000084bf800000,0x00000084bf900000] [id=9784]
  0x0000025d7d6ba800 ConcurrentGCThread "G1 Main Marker" [stack: 0x00000084be400000,0x00000084be500000] [id=5788]
  0x0000025d7d6bc000 ConcurrentGCThread "G1 Conc#0" [stack: 0x00000084be500000,0x00000084be600000] [id=6824]
  0x0000025d7d74e000 ConcurrentGCThread "G1 Refine#0" [stack: 0x00000084be600000,0x00000084be700000] [id=18180]
  0x0000025d7d74f000 ConcurrentGCThread "G1 Young RemSet Sampling" [stack: 0x00000084be700000,0x00000084be800000] [id=6752]

Threads with active compile tasks:
C2 CompilerThread05221       4       com.sun.beans.TypeResolver::resolve (37 bytes)

VM state:not at safepoint (normal execution)

VM Mutex/Monitor currently owned by a thread: None

Heap address: 0x0000000082000000, size: 2016 MB, Compressed Oops mode: 32-bit
Narrow klass base: 0x0000000000000000, Narrow klass shift: 3
Compressed class space size: 1073741824 Address: 0x0000000100000000

Heap:
 garbage-first heap   total 155648K, used 34092K [0x0000000082000000, 0x0000000100000000)
  region size 1024K, 12 young (12288K), 7 survivors (7168K)
 Metaspace       used 58409K, capacity 60337K, committed 60544K, reserved 1101824K
  class space    used 7522K, capacity 8320K, committed 8320K, reserved 1048576K
Heap Regions: E=young(eden), S=young(survivor), O=old, HS=humongous(starts), HC=humongous(continues), CS=collection set, F=free, A=archive, TAMS=top-at-mark-start (previous, next)
|   0|0x0000000082000000, 0x0000000082100000, 0x0000000082100000|100%|HS|  |TAMS 0x0000000082100000, 0x0000000082000000| Complete 
|   1|0x0000000082100000, 0x0000000082200000, 0x0000000082200000|100%| O|  |TAMS 0x0000000082200000, 0x0000000082100000| Untracked 
|   2|0x0000000082200000, 0x0000000082300000, 0x0000000082300000|100%| O|  |TAMS 0x0000000082300000, 0x0000000082200000| Untracked 
|   3|0x0000000082300000, 0x0000000082400000, 0x0000000082400000|100%| O|  |TAMS 0x0000000082400000, 0x0000000082300000| Untracked 
|   4|0x0000000082400000, 0x0000000082500000, 0x0000000082500000|100%|HS|  |TAMS 0x0000000082500000, 0x0000000082400000| Complete 
|   5|0x0000000082500000, 0x0000000082600000, 0x0000000082600000|100%|HC|  |TAMS 0x0000000082600000, 0x0000000082500000| Complete 
|   6|0x0000000082600000, 0x0000000082700000, 0x0000000082700000|100%| O|  |TAMS 0x0000000082700000, 0x0000000082600000| Untracked 
|   7|0x0000000082700000, 0x0000000082800000, 0x0000000082800000|100%| O|  |TAMS 0x0000000082800000, 0x0000000082700000| Untracked 
|   8|0x0000000082800000, 0x0000000082900000, 0x0000000082900000|100%| O|  |TAMS 0x0000000082900000, 0x0000000082800000| Untracked 
|   9|0x0000000082900000, 0x0000000082a00000, 0x0000000082a00000|100%| O|  |TAMS 0x0000000082a00000, 0x0000000082900000| Untracked 
|  10|0x0000000082a00000, 0x0000000082b00000, 0x0000000082b00000|100%| O|  |TAMS 0x0000000082b00000, 0x0000000082a00000| Untracked 
|  11|0x0000000082b00000, 0x0000000082c00000, 0x0000000082c00000|100%| O|  |TAMS 0x0000000082c00000, 0x0000000082b00000| Untracked 
|  12|0x0000000082c00000, 0x0000000082d00000, 0x0000000082d00000|100%| O|  |TAMS 0x0000000082d00000, 0x0000000082c00000| Untracked 
|  13|0x0000000082d00000, 0x0000000082e00000, 0x0000000082e00000|100%| O|  |TAMS 0x0000000082e00000, 0x0000000082d00000| Untracked 
|  14|0x0000000082e00000, 0x0000000082f00000, 0x0000000082f00000|100%| O|  |TAMS 0x0000000082f00000, 0x0000000082e00000| Untracked 
|  15|0x0000000082f00000, 0x0000000083000000, 0x0000000083000000|100%| O|  |TAMS 0x0000000083000000, 0x0000000082f00000| Untracked 
|  16|0x0000000083000000, 0x0000000083100000, 0x0000000083100000|100%| O|  |TAMS 0x0000000083100000, 0x0000000083000000| Untracked 
|  17|0x0000000083100000, 0x0000000083200000, 0x0000000083200000|100%| O|  |TAMS 0x0000000083200000, 0x0000000083100000| Untracked 
|  18|0x0000000083200000, 0x0000000083300000, 0x0000000083300000|100%| O|  |TAMS 0x0000000083300000, 0x0000000083200000| Untracked 
|  19|0x0000000083300000, 0x0000000083400000, 0x0000000083400000|100%| O|  |TAMS 0x0000000083400000, 0x0000000083300000| Untracked 
|  20|0x0000000083400000, 0x0000000083500000, 0x0000000083500000|100%| O|  |TAMS 0x0000000083500000, 0x0000000083400000| Untracked 
|  21|0x0000000083500000, 0x0000000083600000, 0x0000000083600000|100%| O|  |TAMS 0x0000000083600000, 0x0000000083500000| Untracked 
|  22|0x0000000083600000, 0x0000000083695a00, 0x0000000083700000| 58%| O|  |TAMS 0x0000000083695a00, 0x0000000083600000| Untracked 
|  23|0x0000000083700000, 0x0000000083700000, 0x0000000083800000|  0%| F|  |TAMS 0x0000000083700000, 0x0000000083700000| Untracked 
|  24|0x0000000083800000, 0x0000000083800000, 0x0000000083900000|  0%| F|  |TAMS 0x0000000083800000, 0x0000000083800000| Untracked 
|  25|0x0000000083900000, 0x0000000083900000, 0x0000000083a00000|  0%| F|  |TAMS 0x0000000083900000, 0x0000000083900000| Untracked 
|  26|0x0000000083a00000, 0x0000000083a00000, 0x0000000083b00000|  0%| F|  |TAMS 0x0000000083a00000, 0x0000000083a00000| Untracked 
|  27|0x0000000083b00000, 0x0000000083b00000, 0x0000000083c00000|  0%| F|  |TAMS 0x0000000083b00000, 0x0000000083b00000| Untracked 
|  28|0x0000000083c00000, 0x0000000083c00000, 0x0000000083d00000|  0%| F|  |TAMS 0x0000000083c00000, 0x0000000083c00000| Untracked 
|  29|0x0000000083d00000, 0x0000000083d00000, 0x0000000083e00000|  0%| F|  |TAMS 0x0000000083d00000, 0x0000000083d00000| Untracked 
|  30|0x0000000083e00000, 0x0000000083e00000, 0x0000000083f00000|  0%| F|  |TAMS 0x0000000083e00000, 0x0000000083e00000| Untracked 
|  31|0x0000000083f00000, 0x0000000083f00000, 0x0000000084000000|  0%| F|  |TAMS 0x0000000083f00000, 0x0000000083f00000| Untracked 
|  32|0x0000000084000000, 0x0000000084000000, 0x0000000084100000|  0%| F|  |TAMS 0x0000000084000000, 0x0000000084000000| Untracked 
|  33|0x0000000084100000, 0x0000000084100000, 0x0000000084200000|  0%| F|  |TAMS 0x0000000084100000, 0x0000000084100000| Untracked 
|  34|0x0000000084200000, 0x0000000084200000, 0x0000000084300000|  0%| F|  |TAMS 0x0000000084200000, 0x0000000084200000| Untracked 
|  35|0x0000000084300000, 0x0000000084300000, 0x0000000084400000|  0%| F|  |TAMS 0x0000000084300000, 0x0000000084300000| Untracked 
|  36|0x0000000084400000, 0x0000000084400000, 0x0000000084500000|  0%| F|  |TAMS 0x0000000084400000, 0x0000000084400000| Untracked 
|  37|0x0000000084500000, 0x0000000084500000, 0x0000000084600000|  0%| F|  |TAMS 0x0000000084500000, 0x0000000084500000| Untracked 
|  38|0x0000000084600000, 0x0000000084600000, 0x0000000084700000|  0%| F|  |TAMS 0x0000000084600000, 0x0000000084600000| Untracked 
|  39|0x0000000084700000, 0x0000000084700000, 0x0000000084800000|  0%| F|  |TAMS 0x0000000084700000, 0x0000000084700000| Untracked 
|  40|0x0000000084800000, 0x0000000084800000, 0x0000000084900000|  0%| F|  |TAMS 0x0000000084800000, 0x0000000084800000| Untracked 
|  41|0x0000000084900000, 0x0000000084900000, 0x0000000084a00000|  0%| F|  |TAMS 0x0000000084900000, 0x0000000084900000| Untracked 
|  42|0x0000000084a00000, 0x0000000084a00000, 0x0000000084b00000|  0%| F|  |TAMS 0x0000000084a00000, 0x0000000084a00000| Untracked 
|  43|0x0000000084b00000, 0x0000000084b00000, 0x0000000084c00000|  0%| F|  |TAMS 0x0000000084b00000, 0x0000000084b00000| Untracked 
|  44|0x0000000084c00000, 0x0000000084c00000, 0x0000000084d00000|  0%| F|  |TAMS 0x0000000084c00000, 0x0000000084c00000| Untracked 
|  45|0x0000000084d00000, 0x0000000084d00000, 0x0000000084e00000|  0%| F|  |TAMS 0x0000000084d00000, 0x0000000084d00000| Untracked 
|  46|0x0000000084e00000, 0x0000000084e00000, 0x0000000084f00000|  0%| F|  |TAMS 0x0000000084e00000, 0x0000000084e00000| Untracked 
|  47|0x0000000084f00000, 0x0000000084f00000, 0x0000000085000000|  0%| F|  |TAMS 0x0000000084f00000, 0x0000000084f00000| Untracked 
|  48|0x0000000085000000, 0x0000000085000000, 0x0000000085100000|  0%| F|  |TAMS 0x0000000085000000, 0x0000000085000000| Untracked 
|  49|0x0000000085100000, 0x0000000085100000, 0x0000000085200000|  0%| F|  |TAMS 0x0000000085100000, 0x0000000085100000| Untracked 
|  50|0x0000000085200000, 0x0000000085200000, 0x0000000085300000|  0%| F|  |TAMS 0x0000000085200000, 0x0000000085200000| Untracked 
|  51|0x0000000085300000, 0x0000000085300000, 0x0000000085400000|  0%| F|  |TAMS 0x0000000085300000, 0x0000000085300000| Untracked 
|  52|0x0000000085400000, 0x0000000085400000, 0x0000000085500000|  0%| F|  |TAMS 0x0000000085400000, 0x0000000085400000| Untracked 
|  53|0x0000000085500000, 0x0000000085500000, 0x0000000085600000|  0%| F|  |TAMS 0x0000000085500000, 0x0000000085500000| Untracked 
|  54|0x0000000085600000, 0x0000000085600000, 0x0000000085700000|  0%| F|  |TAMS 0x0000000085600000, 0x0000000085600000| Untracked 
|  55|0x0000000085700000, 0x0000000085700000, 0x0000000085800000|  0%| F|  |TAMS 0x0000000085700000, 0x0000000085700000| Untracked 
|  56|0x0000000085800000, 0x0000000085800000, 0x0000000085900000|  0%| F|  |TAMS 0x0000000085800000, 0x0000000085800000| Untracked 
|  57|0x0000000085900000, 0x0000000085900000, 0x0000000085a00000|  0%| F|  |TAMS 0x0000000085900000, 0x0000000085900000| Untracked 
|  58|0x0000000085a00000, 0x0000000085a00000, 0x0000000085b00000|  0%| F|  |TAMS 0x0000000085a00000, 0x0000000085a00000| Untracked 
|  59|0x0000000085b00000, 0x0000000085b00000, 0x0000000085c00000|  0%| F|  |TAMS 0x0000000085b00000, 0x0000000085b00000| Untracked 
|  60|0x0000000085c00000, 0x0000000085c00000, 0x0000000085d00000|  0%| F|  |TAMS 0x0000000085c00000, 0x0000000085c00000| Untracked 
|  61|0x0000000085d00000, 0x0000000085d00000, 0x0000000085e00000|  0%| F|  |TAMS 0x0000000085d00000, 0x0000000085d00000| Untracked 
|  62|0x0000000085e00000, 0x0000000085e00000, 0x0000000085f00000|  0%| F|  |TAMS 0x0000000085e00000, 0x0000000085e00000| Untracked 
|  63|0x0000000085f00000, 0x0000000085f00000, 0x0000000086000000|  0%| F|  |TAMS 0x0000000085f00000, 0x0000000085f00000| Untracked 
|  64|0x0000000086000000, 0x0000000086000000, 0x0000000086100000|  0%| F|  |TAMS 0x0000000086000000, 0x0000000086000000| Untracked 
|  65|0x0000000086100000, 0x0000000086100000, 0x0000000086200000|  0%| F|  |TAMS 0x0000000086100000, 0x0000000086100000| Untracked 
|  66|0x0000000086200000, 0x0000000086200000, 0x0000000086300000|  0%| F|  |TAMS 0x0000000086200000, 0x0000000086200000| Untracked 
|  67|0x0000000086300000, 0x0000000086300000, 0x0000000086400000|  0%| F|  |TAMS 0x0000000086300000, 0x0000000086300000| Untracked 
|  68|0x0000000086400000, 0x0000000086400000, 0x0000000086500000|  0%| F|  |TAMS 0x0000000086400000, 0x0000000086400000| Untracked 
|  69|0x0000000086500000, 0x0000000086500000, 0x0000000086600000|  0%| F|  |TAMS 0x0000000086500000, 0x0000000086500000| Untracked 
|  70|0x0000000086600000, 0x0000000086600000, 0x0000000086700000|  0%| F|  |TAMS 0x0000000086600000, 0x0000000086600000| Untracked 
|  71|0x0000000086700000, 0x0000000086700000, 0x0000000086800000|  0%| F|  |TAMS 0x0000000086700000, 0x0000000086700000| Untracked 
|  72|0x0000000086800000, 0x0000000086800000, 0x0000000086900000|  0%| F|  |TAMS 0x0000000086800000, 0x0000000086800000| Untracked 
|  73|0x0000000086900000, 0x0000000086900000, 0x0000000086a00000|  0%| F|  |TAMS 0x0000000086900000, 0x0000000086900000| Untracked 
|  74|0x0000000086a00000, 0x0000000086a00000, 0x0000000086b00000|  0%| F|  |TAMS 0x0000000086a00000, 0x0000000086a00000| Untracked 
|  75|0x0000000086b00000, 0x0000000086b00000, 0x0000000086c00000|  0%| F|  |TAMS 0x0000000086b00000, 0x0000000086b00000| Untracked 
|  76|0x0000000086c00000, 0x0000000086c00000, 0x0000000086d00000|  0%| F|  |TAMS 0x0000000086c00000, 0x0000000086c00000| Untracked 
|  77|0x0000000086d00000, 0x0000000086d00000, 0x0000000086e00000|  0%| F|  |TAMS 0x0000000086d00000, 0x0000000086d00000| Untracked 
|  78|0x0000000086e00000, 0x0000000086e00000, 0x0000000086f00000|  0%| F|  |TAMS 0x0000000086e00000, 0x0000000086e00000| Untracked 
|  79|0x0000000086f00000, 0x0000000086f00000, 0x0000000087000000|  0%| F|  |TAMS 0x0000000086f00000, 0x0000000086f00000| Untracked 
|  80|0x0000000087000000, 0x0000000087000000, 0x0000000087100000|  0%| F|  |TAMS 0x0000000087000000, 0x0000000087000000| Untracked 
|  81|0x0000000087100000, 0x0000000087100000, 0x0000000087200000|  0%| F|  |TAMS 0x0000000087100000, 0x0000000087100000| Untracked 
|  82|0x0000000087200000, 0x0000000087200000, 0x0000000087300000|  0%| F|  |TAMS 0x0000000087200000, 0x0000000087200000| Untracked 
|  83|0x0000000087300000, 0x0000000087300000, 0x0000000087400000|  0%| F|  |TAMS 0x0000000087300000, 0x0000000087300000| Untracked 
|  84|0x0000000087400000, 0x0000000087400000, 0x0000000087500000|  0%| F|  |TAMS 0x0000000087400000, 0x0000000087400000| Untracked 
|  85|0x0000000087500000, 0x0000000087500000, 0x0000000087600000|  0%| F|  |TAMS 0x0000000087500000, 0x0000000087500000| Untracked 
|  86|0x0000000087600000, 0x0000000087600000, 0x0000000087700000|  0%| F|  |TAMS 0x0000000087600000, 0x0000000087600000| Untracked 
|  87|0x0000000087700000, 0x0000000087700000, 0x0000000087800000|  0%| F|  |TAMS 0x0000000087700000, 0x0000000087700000| Untracked 
|  88|0x0000000087800000, 0x0000000087800000, 0x0000000087900000|  0%| F|  |TAMS 0x0000000087800000, 0x0000000087800000| Untracked 
|  89|0x0000000087900000, 0x0000000087900000, 0x0000000087a00000|  0%| F|  |TAMS 0x0000000087900000, 0x0000000087900000| Untracked 
|  90|0x0000000087a00000, 0x0000000087a00000, 0x0000000087b00000|  0%| F|  |TAMS 0x0000000087a00000, 0x0000000087a00000| Untracked 
|  91|0x0000000087b00000, 0x0000000087b00000, 0x0000000087c00000|  0%| F|  |TAMS 0x0000000087b00000, 0x0000000087b00000| Untracked 
|  92|0x0000000087c00000, 0x0000000087c00000, 0x0000000087d00000|  0%| F|  |TAMS 0x0000000087c00000, 0x0000000087c00000| Untracked 
|  93|0x0000000087d00000, 0x0000000087d00000, 0x0000000087e00000|  0%| F|  |TAMS 0x0000000087d00000, 0x0000000087d00000| Untracked 
|  94|0x0000000087e00000, 0x0000000087e00000, 0x0000000087f00000|  0%| F|  |TAMS 0x0000000087e00000, 0x0000000087e00000| Untracked 
|  95|0x0000000087f00000, 0x0000000087f00000, 0x0000000088000000|  0%| F|  |TAMS 0x0000000087f00000, 0x0000000087f00000| Untracked 
|  96|0x0000000088000000, 0x0000000088000000, 0x0000000088100000|  0%| F|  |TAMS 0x0000000088000000, 0x0000000088000000| Untracked 
|  97|0x0000000088100000, 0x0000000088100000, 0x0000000088200000|  0%| F|  |TAMS 0x0000000088100000, 0x0000000088100000| Untracked 
|  98|0x0000000088200000, 0x0000000088200000, 0x0000000088300000|  0%| F|  |TAMS 0x0000000088200000, 0x0000000088200000| Untracked 
|  99|0x0000000088300000, 0x0000000088300000, 0x0000000088400000|  0%| F|  |TAMS 0x0000000088300000, 0x0000000088300000| Untracked 
| 100|0x0000000088400000, 0x0000000088400000, 0x0000000088500000|  0%| F|  |TAMS 0x0000000088400000, 0x0000000088400000| Untracked 
| 101|0x0000000088500000, 0x0000000088500000, 0x0000000088600000|  0%| F|  |TAMS 0x0000000088500000, 0x0000000088500000| Untracked 
| 102|0x0000000088600000, 0x0000000088600000, 0x0000000088700000|  0%| F|  |TAMS 0x0000000088600000, 0x0000000088600000| Untracked 
| 103|0x0000000088700000, 0x0000000088700000, 0x0000000088800000|  0%| F|  |TAMS 0x0000000088700000, 0x0000000088700000| Untracked 
| 104|0x0000000088800000, 0x00000000888b59a0, 0x0000000088900000| 70%| S|CS|TAMS 0x0000000088800000, 0x0000000088800000| Complete 
| 105|0x0000000088900000, 0x0000000088a00000, 0x0000000088a00000|100%| S|CS|TAMS 0x0000000088900000, 0x0000000088900000| Complete 
| 106|0x0000000088a00000, 0x0000000088b00000, 0x0000000088b00000|100%| S|CS|TAMS 0x0000000088a00000, 0x0000000088a00000| Complete 
| 107|0x0000000088b00000, 0x0000000088c00000, 0x0000000088c00000|100%| S|CS|TAMS 0x0000000088b00000, 0x0000000088b00000| Complete 
| 108|0x0000000088c00000, 0x0000000088d00000, 0x0000000088d00000|100%| S|CS|TAMS 0x0000000088c00000, 0x0000000088c00000| Complete 
| 109|0x0000000088d00000, 0x0000000088e00000, 0x0000000088e00000|100%| S|CS|TAMS 0x0000000088d00000, 0x0000000088d00000| Complete 
| 110|0x0000000088e00000, 0x0000000088f00000, 0x0000000088f00000|100%| S|CS|TAMS 0x0000000088e00000, 0x0000000088e00000| Complete 
| 111|0x0000000088f00000, 0x0000000088f00000, 0x0000000089000000|  0%| F|  |TAMS 0x0000000088f00000, 0x0000000088f00000| Untracked 
| 112|0x0000000089000000, 0x0000000089000000, 0x0000000089100000|  0%| F|  |TAMS 0x0000000089000000, 0x0000000089000000| Untracked 
| 113|0x0000000089100000, 0x0000000089100000, 0x0000000089200000|  0%| F|  |TAMS 0x0000000089100000, 0x0000000089100000| Untracked 
| 114|0x0000000089200000, 0x0000000089200000, 0x0000000089300000|  0%| F|  |TAMS 0x0000000089200000, 0x0000000089200000| Untracked 
| 115|0x0000000089300000, 0x0000000089300000, 0x0000000089400000|  0%| F|  |TAMS 0x0000000089300000, 0x0000000089300000| Untracked 
| 116|0x0000000089400000, 0x0000000089400000, 0x0000000089500000|  0%| F|  |TAMS 0x0000000089400000, 0x0000000089400000| Untracked 
| 117|0x0000000089500000, 0x0000000089500000, 0x0000000089600000|  0%| F|  |TAMS 0x0000000089500000, 0x0000000089500000| Untracked 
| 118|0x0000000089600000, 0x0000000089600000, 0x0000000089700000|  0%| F|  |TAMS 0x0000000089600000, 0x0000000089600000| Untracked 
| 119|0x0000000089700000, 0x0000000089700000, 0x0000000089800000|  0%| F|  |TAMS 0x0000000089700000, 0x0000000089700000| Untracked 
| 120|0x0000000089800000, 0x0000000089800000, 0x0000000089900000|  0%| F|  |TAMS 0x0000000089800000, 0x0000000089800000| Untracked 
| 121|0x0000000089900000, 0x0000000089900000, 0x0000000089a00000|  0%| F|  |TAMS 0x0000000089900000, 0x0000000089900000| Untracked 
| 122|0x0000000089a00000, 0x0000000089a00000, 0x0000000089b00000|  0%| F|  |TAMS 0x0000000089a00000, 0x0000000089a00000| Untracked 
| 123|0x0000000089b00000, 0x0000000089b00000, 0x0000000089c00000|  0%| F|  |TAMS 0x0000000089b00000, 0x0000000089b00000| Untracked 
| 124|0x0000000089c00000, 0x0000000089c00000, 0x0000000089d00000|  0%| F|  |TAMS 0x0000000089c00000, 0x0000000089c00000| Untracked 
| 125|0x0000000089d00000, 0x0000000089d00000, 0x0000000089e00000|  0%| F|  |TAMS 0x0000000089d00000, 0x0000000089d00000| Untracked 
| 126|0x0000000089e00000, 0x0000000089e00000, 0x0000000089f00000|  0%| F|  |TAMS 0x0000000089e00000, 0x0000000089e00000| Untracked 
| 127|0x0000000089f00000, 0x0000000089f00000, 0x000000008a000000|  0%| F|  |TAMS 0x0000000089f00000, 0x0000000089f00000| Untracked 
| 128|0x000000008a000000, 0x000000008a000000, 0x000000008a100000|  0%| F|  |TAMS 0x000000008a000000, 0x000000008a000000| Untracked 
| 129|0x000000008a100000, 0x000000008a100000, 0x000000008a200000|  0%| F|  |TAMS 0x000000008a100000, 0x000000008a100000| Untracked 
| 130|0x000000008a200000, 0x000000008a200000, 0x000000008a300000|  0%| F|  |TAMS 0x000000008a200000, 0x000000008a200000| Untracked 
| 131|0x000000008a300000, 0x000000008a300000, 0x000000008a400000|  0%| F|  |TAMS 0x000000008a300000, 0x000000008a300000| Untracked 
| 132|0x000000008a400000, 0x000000008a400000, 0x000000008a500000|  0%| F|  |TAMS 0x000000008a400000, 0x000000008a400000| Untracked 
| 133|0x000000008a500000, 0x000000008a500000, 0x000000008a600000|  0%| F|  |TAMS 0x000000008a500000, 0x000000008a500000| Untracked 
| 134|0x000000008a600000, 0x000000008a600000, 0x000000008a700000|  0%| F|  |TAMS 0x000000008a600000, 0x000000008a600000| Untracked 
| 135|0x000000008a700000, 0x000000008a700000, 0x000000008a800000|  0%| F|  |TAMS 0x000000008a700000, 0x000000008a700000| Untracked 
| 136|0x000000008a800000, 0x000000008a800000, 0x000000008a900000|  0%| F|  |TAMS 0x000000008a800000, 0x000000008a800000| Untracked 
| 137|0x000000008a900000, 0x000000008a900000, 0x000000008aa00000|  0%| F|  |TAMS 0x000000008a900000, 0x000000008a900000| Untracked 
| 138|0x000000008aa00000, 0x000000008aa00000, 0x000000008ab00000|  0%| F|  |TAMS 0x000000008aa00000, 0x000000008aa00000| Untracked 
| 139|0x000000008ab00000, 0x000000008ab00000, 0x000000008ac00000|  0%| F|  |TAMS 0x000000008ab00000, 0x000000008ab00000| Untracked 
| 140|0x000000008ac00000, 0x000000008ac00000, 0x000000008ad00000|  0%| F|  |TAMS 0x000000008ac00000, 0x000000008ac00000| Untracked 
| 141|0x000000008ad00000, 0x000000008ad00000, 0x000000008ae00000|  0%| F|  |TAMS 0x000000008ad00000, 0x000000008ad00000| Untracked 
| 142|0x000000008ae00000, 0x000000008ae00000, 0x000000008af00000|  0%| F|  |TAMS 0x000000008ae00000, 0x000000008ae00000| Untracked 
| 143|0x000000008af00000, 0x000000008af00000, 0x000000008b000000|  0%| F|  |TAMS 0x000000008af00000, 0x000000008af00000| Untracked 
| 144|0x000000008b000000, 0x000000008b000000, 0x000000008b100000|  0%| F|  |TAMS 0x000000008b000000, 0x000000008b000000| Untracked 
| 145|0x000000008b100000, 0x000000008b100000, 0x000000008b200000|  0%| F|  |TAMS 0x000000008b100000, 0x000000008b100000| Untracked 
| 146|0x000000008b200000, 0x000000008b200000, 0x000000008b300000|  0%| F|  |TAMS 0x000000008b200000, 0x000000008b200000| Untracked 
| 147|0x000000008b300000, 0x000000008b400000, 0x000000008b400000|100%| E|  |TAMS 0x000000008b300000, 0x000000008b300000| Complete 
| 148|0x000000008b400000, 0x000000008b500000, 0x000000008b500000|100%| E|CS|TAMS 0x000000008b400000, 0x000000008b400000| Complete 
| 149|0x000000008b500000, 0x000000008b600000, 0x000000008b600000|100%| E|CS|TAMS 0x000000008b500000, 0x000000008b500000| Complete 
| 150|0x000000008b600000, 0x000000008b700000, 0x000000008b700000|100%| E|CS|TAMS 0x000000008b600000, 0x000000008b600000| Complete 
| 151|0x000000008b700000, 0x000000008b800000, 0x000000008b800000|100%| E|CS|TAMS 0x000000008b700000, 0x000000008b700000| Complete 

Card table byte_map: [0x0000025d7f930000,0x0000025d7fd20000] _byte_map_base: 0x0000025d7f520000

Marking Bits (Prev, Next): (CMBitMap*) 0x0000025d7d6b1bb0, (CMBitMap*) 0x0000025d7d6b1b78
 Prev Bits: [0x0000025d195c0000, 0x0000025d1b540000)
 Next Bits: [0x0000025d17640000, 0x0000025d195c0000)

Polling page: 0x0000025d7d470000

Metaspace:

Usage:
  Non-class:     50.80 MB capacity,    49.69 MB ( 98%) used,   897.48 KB (  2%) free+waste,   232.50 KB ( <1%) overhead. 
      Class:      8.13 MB capacity,     7.35 MB ( 90%) used,   681.76 KB (  8%) free+waste,   115.56 KB (  1%) overhead. 
       Both:     58.92 MB capacity,    57.04 MB ( 97%) used,     1.54 MB (  3%) free+waste,   348.06 KB ( <1%) overhead. 

Virtual space:
  Non-class space:       52.00 MB reserved,      51.00 MB ( 98%) committed 
      Class space:        1.00 GB reserved,       8.13 MB ( <1%) committed 
             Both:        1.05 GB reserved,      59.13 MB (  5%) committed 

Chunk freelists:
   Non-Class:  0 bytes
       Class:  0 bytes
        Both:  0 bytes

CodeHeap 'non-profiled nmethods': size=120064Kb used=3322Kb max_used=3322Kb free=116741Kb
 bounds [0x0000025d0fd10000, 0x0000025d10050000, 0x0000025d17250000]
CodeHeap 'profiled nmethods': size=120000Kb used=11457Kb max_used=11457Kb free=108542Kb
 bounds [0x0000025d087e0000, 0x0000025d09320000, 0x0000025d0fd10000]
CodeHeap 'non-nmethods': size=5696Kb used=1194Kb max_used=1251Kb free=4501Kb
 bounds [0x0000025d08250000, 0x0000025d084c0000, 0x0000025d087e0000]
 total_blobs=7079 nmethods=4831 adapters=450
 compilation: enabled
              stopped_count=0, restarted_count=0
 full_count=0

Compilation events (10 events):
Event: 18.178 Thread 0x0000025d1d937000 5232       3       java.beans.FeatureDescriptor::<init> (69 bytes)
Event: 18.178 Thread 0x0000025d1d937000 nmethod 5232 0x0000025d0930f490 code [0x0000025d0930f6e0, 0x0000025d0930fed0]
Event: 18.184 Thread 0x0000025d1d937000 5233       3       java.lang.ThreadLocal$ThreadLocalMap::expungeStaleEntry (146 bytes)
Event: 18.184 Thread 0x0000025d1d937000 nmethod 5233 0x0000025d09310110 code [0x0000025d09310360, 0x0000025d09311198]
Event: 18.200 Thread 0x0000025d1d937000 5234       3       java.util.Arrays::fill (28 bytes)
Event: 18.200 Thread 0x0000025d1d937000 nmethod 5234 0x0000025d09311510 code [0x0000025d093116e0, 0x0000025d09311ad0]
Event: 18.208 Thread 0x0000025d1d937000 5235       3       java.lang.invoke.InvokerBytecodeGenerator::assertStaticType (58 bytes)
Event: 18.208 Thread 0x0000025d1d937000 nmethod 5235 0x0000025d09311c10 code [0x0000025d09311e00, 0x0000025d09312340]
Event: 18.217 Thread 0x0000025d1d937000 5239       3       java.lang.invoke.MethodHandles$Lookup::checkField (56 bytes)
Event: 18.217 Thread 0x0000025d1d937000 nmethod 5239 0x0000025d09312510 code [0x0000025d09312720, 0x0000025d09312c00]

GC Heap History (10 events):
Event: 6.252 GC heap before
{Heap before GC invocations=6 (full 0):
 garbage-first heap   total 129024K, used 70158K [0x0000000082000000, 0x0000000100000000)
  region size 1024K, 59 young (60416K), 4 survivors (4096K)
 Metaspace       used 34806K, capacity 35786K, committed 35840K, reserved 1081344K
  class space    used 4180K, capacity 4583K, committed 4608K, reserved 1048576K
}
Event: 6.262 GC heap after
{Heap after GC invocations=7 (full 0):
 garbage-first heap   total 155648K, used 16881K [0x0000000082000000, 0x0000000100000000)
  region size 1024K, 6 young (6144K), 6 survivors (6144K)
 Metaspace       used 34806K, capacity 35786K, committed 35840K, reserved 1081344K
  class space    used 4180K, capacity 4583K, committed 4608K, reserved 1048576K
}
Event: 9.120 GC heap before
{Heap before GC invocations=8 (full 0):
 garbage-first heap   total 155648K, used 87537K [0x0000000082000000, 0x0000000100000000)
  region size 1024K, 75 young (76800K), 6 survivors (6144K)
 Metaspace       used 43186K, capacity 44359K, committed 44416K, reserved 1087488K
  class space    used 5503K, capacity 5965K, committed 6016K, reserved 1048576K
}
Event: 9.129 GC heap after
{Heap after GC invocations=9 (full 0):
 garbage-first heap   total 155648K, used 20105K [0x0000000082000000, 0x0000000100000000)
  region size 1024K, 9 young (9216K), 9 survivors (9216K)
 Metaspace       used 43186K, capacity 44359K, committed 44416K, reserved 1087488K
  class space    used 5503K, capacity 5965K, committed 6016K, reserved 1048576K
}
Event: 12.247 GC heap before
{Heap before GC invocations=9 (full 0):
 garbage-first heap   total 155648K, used 98953K [0x0000000082000000, 0x0000000100000000)
  region size 1024K, 86 young (88064K), 9 survivors (9216K)
 Metaspace       used 51808K, capacity 53341K, committed 53632K, reserved 1095680K
  class space    used 6623K, capacity 7251K, committed 7296K, reserved 1048576K
}
Event: 12.263 GC heap after
{Heap after GC invocations=10 (full 0):
 garbage-first heap   total 155648K, used 24147K [0x0000000082000000, 0x0000000100000000)
  region size 1024K, 10 young (10240K), 10 survivors (10240K)
 Metaspace       used 51808K, capacity 53341K, committed 53632K, reserved 1095680K
  class space    used 6623K, capacity 7251K, committed 7296K, reserved 1048576K
}
Event: 15.651 GC heap before
{Heap before GC invocations=10 (full 0):
 garbage-first heap   total 155648K, used 107091K [0x0000000082000000, 0x0000000100000000)
  region size 1024K, 91 young (93184K), 10 survivors (10240K)
 Metaspace       used 57347K, capacity 59141K, committed 59392K, reserved 1099776K
  class space    used 7394K, capacity 8140K, committed 8192K, reserved 1048576K
}
Event: 15.662 GC heap after
{Heap after GC invocations=11 (full 0):
 garbage-first heap   total 155648K, used 27374K [0x0000000082000000, 0x0000000100000000)
  region size 1024K, 8 young (8192K), 8 survivors (8192K)
 Metaspace       used 57347K, capacity 59141K, committed 59392K, reserved 1099776K
  class space    used 7394K, capacity 8140K, committed 8192K, reserved 1048576K
}
Event: 18.232 GC heap before
{Heap before GC invocations=11 (full 0):
 garbage-first heap   total 155648K, used 68334K [0x0000000082000000, 0x0000000100000000)
  region size 1024K, 49 young (50176K), 8 survivors (8192K)
 Metaspace       used 58180K, capacity 60010K, committed 60160K, reserved 1101824K
  class space    used 7462K, capacity 8188K, committed 8192K, reserved 1048576K
}
Event: 18.247 GC heap after
{Heap after GC invocations=12 (full 0):
 garbage-first heap   total 155648K, used 29996K [0x0000000082000000, 0x0000000100000000)
  region size 1024K, 7 young (7168K), 7 survivors (7168K)
 Metaspace       used 58180K, capacity 60010K, committed 60160K, reserved 1101824K
  class space    used 7462K, capacity 8188K, committed 8192K, reserved 1048576K
}

Deoptimization events (10 events):
Event: 15.024 Thread 0x0000025d7d675000 Uncommon trap: reason=profile_predicate action=maybe_recompile pc=0x0000025d0fee361c method=org.springframework.asm.ByteVector.putUTF8(Ljava/lang/String;)Lorg/springframework/asm/ByteVector; @ 79 c2
Event: 15.024 Thread 0x0000025d7d675000 Uncommon trap: reason=profile_predicate action=maybe_recompile pc=0x0000025d0fee361c method=org.springframework.asm.ByteVector.putUTF8(Ljava/lang/String;)Lorg/springframework/asm/ByteVector; @ 79 c2
Event: 15.024 Thread 0x0000025d7d675000 Uncommon trap: reason=profile_predicate action=maybe_recompile pc=0x0000025d0fee361c method=org.springframework.asm.ByteVector.putUTF8(Ljava/lang/String;)Lorg/springframework/asm/ByteVector; @ 79 c2
Event: 15.375 Thread 0x0000025d7d675000 Uncommon trap: reason=class_check action=maybe_recompile pc=0x0000025d0ff39764 method=java.lang.reflect.Method.equals(Ljava/lang/Object;)Z @ 5 c2
Event: 15.411 Thread 0x0000025d7d675000 Uncommon trap: reason=class_check action=maybe_recompile pc=0x0000025d0ff39764 method=java.lang.reflect.Method.equals(Ljava/lang/Object;)Z @ 5 c2
Event: 15.411 Thread 0x0000025d7d675000 Uncommon trap: reason=class_check action=maybe_recompile pc=0x0000025d0ff39764 method=java.lang.reflect.Method.equals(Ljava/lang/Object;)Z @ 5 c2
Event: 16.599 Thread 0x0000025d7d675000 Uncommon trap: reason=unstable_if action=reinterpret pc=0x0000025d0fe1116c method=java.util.WeakHashMap.remove(Ljava/lang/Object;)Ljava/lang/Object; @ 94 c2
Event: 17.971 Thread 0x0000025d7d675000 Uncommon trap: reason=unstable_if action=reinterpret pc=0x0000025d0fe3ba4c method=java.lang.String.getChars(II[CI)V @ 23 c2
Event: 17.974 Thread 0x0000025d7d675000 Uncommon trap: reason=unstable_if action=reinterpret pc=0x0000025d0fdd3428 method=java.lang.String.getChars(II[CI)V @ 23 c2
Event: 17.984 Thread 0x0000025d7d675000 Uncommon trap: reason=unstable_fused_if action=reinterpret pc=0x0000025d0fe2f310 method=java.io.WinNTFileSystem.isLetter(C)Z @ 15 c2

Classes redefined (0 events):
No events

Internal exceptions (10 events):
Event: 18.174 Thread 0x0000025d7d675000 Exception <a 'java/lang/ClassNotFoundException'{0x00000000891f9718}: java/lang/ObjectCustomizer> (0x00000000891f9718) thrown at [t:/workspace/open/src/hotspot/share/classfile/systemDictionary.cpp, line 231]
Event: 18.177 Thread 0x0000025d7d675000 Exception <a 'java/lang/ClassNotFoundException'{0x000000008901cf28}: org/springframework/boot/autoconfigure/web/embedded/TomcatWebServerFactoryCustomizerCustomizer> (0x000000008901cf28) thrown at [t:/workspace/open/src/hotspot/share/classfile/systemDictio
Event: 18.180 Thread 0x0000025d7d675000 Exception <a 'java/lang/ClassNotFoundException'{0x000000008903cb70}: org/springframework/boot/web/server/WebServerFactoryCustomizerCustomizer> (0x000000008903cb70) thrown at [t:/workspace/open/src/hotspot/share/classfile/systemDictionary.cpp, line 231]
Event: 18.183 Thread 0x0000025d7d675000 Exception <a 'java/lang/ClassNotFoundException'{0x0000000089052480}: org/springframework/core/OrderedCustomizer> (0x0000000089052480) thrown at [t:/workspace/open/src/hotspot/share/classfile/systemDictionary.cpp, line 231]
Event: 18.185 Thread 0x0000025d7d675000 Exception <a 'java/lang/ClassNotFoundException'{0x000000008905ad50}: java/lang/ObjectCustomizer> (0x000000008905ad50) thrown at [t:/workspace/open/src/hotspot/share/classfile/systemDictionary.cpp, line 231]
Event: 18.187 Thread 0x0000025d7d675000 Exception <a 'java/lang/ClassNotFoundException'{0x000000008907d158}: org/springframework/boot/autoconfigure/web/servlet/HttpEncodingAutoConfigurationCustomizer> (0x000000008907d158) thrown at [t:/workspace/open/src/hotspot/share/classfile/systemDictionary
Event: 18.193 Thread 0x0000025d7d675000 Exception <a 'java/lang/ClassNotFoundException'{0x00000000890865d8}: java/lang/ObjectCustomizer> (0x00000000890865d8) thrown at [t:/workspace/open/src/hotspot/share/classfile/systemDictionary.cpp, line 231]
Event: 18.197 Thread 0x0000025d7d675000 Exception <a 'java/lang/ClassNotFoundException'{0x00000000890af3e0}: org/springframework/boot/autoconfigure/web/servlet/HttpEncodingAutoConfiguration$LocaleCharsetMappingsCustomizerCustomizer> (0x00000000890af3e0) thrown at [t:/workspace/open/src/hotspot/
Event: 18.227 Thread 0x0000025d7d675000 Exception <a 'java/lang/ClassNotFoundException'{0x0000000088f08af8}: org/springframework/boot/web/server/WebServerFactoryCustomizerCustomizer> (0x0000000088f08af8) thrown at [t:/workspace/open/src/hotspot/share/classfile/systemDictionary.cpp, line 231]
Event: 18.228 Thread 0x0000025d7d675000 Exception <a 'java/lang/ClassNotFoundException'{0x0000000088f1e408}: org/springframework/core/OrderedCustomizer> (0x0000000088f1e408) thrown at [t:/workspace/open/src/hotspot/share/classfile/systemDictionary.cpp, line 231]

Events (10 events):
Event: 18.232 Executing VM operation: CollectForMetadataAllocation
Event: 18.247 Executing VM operation: CollectForMetadataAllocation done
Event: 18.248 loading class org/springframework/boot/util/LambdaSafe$GenericTypeFilter
Event: 18.248 loading class org/springframework/boot/util/LambdaSafe$GenericTypeFilter done
Event: 18.249 loading class org/springframework/boot/web/server/WebServerFactory
Event: 18.249 loading class org/springframework/boot/web/server/WebServerFactory done
Event: 18.249 loading class org/springframework/boot/web/server/WebServerFactoryCustomizer
Event: 18.249 loading class org/springframework/boot/web/server/WebServerFactoryCustomizer done
Event: 18.249 loading class org/springframework/boot/web/server/WebServerFactory
Event: 18.249 loading class org/springframework/boot/web/server/WebServerFactory done


Dynamic libraries:
0x00007ff7d5ec0000 - 0x00007ff7d5f07000 	C:\Program Files\Java\jdk-11.0.1\bin\java.exe
0x00007ffc47650000 - 0x00007ffc47846000 	C:\WINDOWS\SYSTEM32\ntdll.dll
0x00007ffc47540000 - 0x00007ffc475fd000 	C:\WINDOWS\System32\KERNEL32.DLL
0x00007ffc44f80000 - 0x00007ffc45249000 	C:\WINDOWS\System32\KERNELBASE.dll
0x00007ffc46f90000 - 0x00007ffc4703c000 	C:\WINDOWS\System32\ADVAPI32.dll
0x00007ffc456b0000 - 0x00007ffc4574e000 	C:\WINDOWS\System32\msvcrt.dll
0x00007ffc47040000 - 0x00007ffc470dc000 	C:\WINDOWS\System32\sechost.dll
0x00007ffc470e0000 - 0x00007ffc4720b000 	C:\WINDOWS\System32\RPCRT4.dll
0x00007ffc45750000 - 0x00007ffc458f0000 	C:\WINDOWS\System32\USER32.dll
0x00007ffc45470000 - 0x00007ffc45492000 	C:\WINDOWS\System32\win32u.dll
0x00007ffc460b0000 - 0x00007ffc460da000 	C:\WINDOWS\System32\GDI32.dll
0x00007ffc45300000 - 0x00007ffc4540b000 	C:\WINDOWS\System32\gdi32full.dll
0x00007ffc44d90000 - 0x00007ffc44e2d000 	C:\WINDOWS\System32\msvcp_win.dll
0x00007ffc44e80000 - 0x00007ffc44f80000 	C:\WINDOWS\System32\ucrtbase.dll
0x00007ffc379d0000 - 0x00007ffc37c6b000 	C:\WINDOWS\WinSxS\amd64_microsoft.windows.common-controls_6595b64144ccf1df_6.0.19041.746_none_ca02b4b61b8320a4\COMCTL32.dll
0x00007ffc3efa0000 - 0x00007ffc3efaa000 	C:\WINDOWS\SYSTEM32\VERSION.dll
0x00007ffc46f60000 - 0x00007ffc46f90000 	C:\WINDOWS\System32\IMM32.DLL
0x00007ffc38840000 - 0x00007ffc38856000 	C:\Program Files\Java\jdk-11.0.1\bin\vcruntime140.dll
0x00007ffc25ab0000 - 0x00007ffc25b5a000 	C:\Program Files\Java\jdk-11.0.1\bin\msvcp140.dll
0x00007ffbf3430000 - 0x00007ffbf3f72000 	C:\Program Files\Java\jdk-11.0.1\bin\server\jvm.dll
0x00007ffc47600000 - 0x00007ffc47608000 	C:\WINDOWS\System32\PSAPI.DLL
0x00007ffc37110000 - 0x00007ffc37119000 	C:\WINDOWS\SYSTEM32\WSOCK32.dll
0x00007ffc39da0000 - 0x00007ffc39dc7000 	C:\WINDOWS\SYSTEM32\WINMM.dll
0x00007ffc46c30000 - 0x00007ffc46c9b000 	C:\WINDOWS\System32\WS2_32.dll
0x00007ffc43650000 - 0x00007ffc43662000 	C:\WINDOWS\SYSTEM32\kernel.appcore.dll
0x00007ffc38800000 - 0x00007ffc38811000 	C:\Program Files\Java\jdk-11.0.1\bin\verify.dll
0x00007ffc43310000 - 0x00007ffc434f4000 	C:\WINDOWS\SYSTEM32\DBGHELP.DLL
0x00007ffc3e160000 - 0x00007ffc3e18c000 	C:\WINDOWS\SYSTEM32\dbgcore.DLL
0x00007ffc45280000 - 0x00007ffc45300000 	C:\WINDOWS\System32\bcryptPrimitives.dll
0x00007ffc38580000 - 0x00007ffc385a9000 	C:\Program Files\Java\jdk-11.0.1\bin\java.dll
0x00007ffc38470000 - 0x00007ffc38486000 	C:\Program Files\Java\jdk-11.0.1\bin\zip.dll
0x00007ffc3dd60000 - 0x00007ffc3dd6a000 	C:\Program Files\Java\jdk-11.0.1\bin\jimage.dll
0x00007ffc464d0000 - 0x00007ffc46c12000 	C:\WINDOWS\System32\SHELL32.dll
0x00007ffc42ab0000 - 0x00007ffc43240000 	C:\WINDOWS\SYSTEM32\windows.storage.dll
0x00007ffc46170000 - 0x00007ffc464c6000 	C:\WINDOWS\System32\combase.dll
0x00007ffc44720000 - 0x00007ffc4474c000 	C:\WINDOWS\SYSTEM32\Wldp.dll
0x00007ffc45dc0000 - 0x00007ffc45e6e000 	C:\WINDOWS\System32\SHCORE.dll
0x00007ffc45d60000 - 0x00007ffc45db5000 	C:\WINDOWS\System32\shlwapi.dll
0x00007ffc44cc0000 - 0x00007ffc44ce6000 	C:\WINDOWS\SYSTEM32\profapi.dll
0x00007ffc32d30000 - 0x00007ffc32d49000 	C:\Program Files\Java\jdk-11.0.1\bin\net.dll
0x00007ffc3b770000 - 0x00007ffc3b870000 	C:\WINDOWS\SYSTEM32\WINHTTP.dll
0x00007ffc44480000 - 0x00007ffc444ea000 	C:\WINDOWS\system32\mswsock.dll
0x00007ffc32d10000 - 0x00007ffc32d23000 	C:\Program Files\Java\jdk-11.0.1\bin\nio.dll
0x00007ffc3d9e0000 - 0x00007ffc3d9e9000 	C:\Program Files\Java\jdk-11.0.1\bin\management.dll
0x00007ffc3d760000 - 0x00007ffc3d76c000 	C:\Program Files\Java\jdk-11.0.1\bin\management_ext.dll
0x00007ffc331c0000 - 0x00007ffc331d7000 	C:\WINDOWS\system32\napinsp.dll
0x00007ffc32e10000 - 0x00007ffc32e2b000 	C:\WINDOWS\system32\pnrpnsp.dll
0x00007ffc32790000 - 0x00007ffc327a5000 	C:\WINDOWS\system32\wshbth.dll
0x00007ffc3f4d0000 - 0x00007ffc3f4ed000 	C:\WINDOWS\system32\NLAapi.dll
0x00007ffc44160000 - 0x00007ffc4419b000 	C:\WINDOWS\SYSTEM32\IPHLPAPI.DLL
0x00007ffc441a0000 - 0x00007ffc4426b000 	C:\WINDOWS\SYSTEM32\DNSAPI.dll
0x00007ffc460e0000 - 0x00007ffc460e8000 	C:\WINDOWS\System32\NSI.dll
0x00007ffc31dd0000 - 0x00007ffc31de2000 	C:\WINDOWS\System32\winrnr.dll
0x00007ffc3b090000 - 0x00007ffc3b09a000 	C:\Windows\System32\rasadhlp.dll
0x00007ffc3a8d0000 - 0x00007ffc3a94f000 	C:\WINDOWS\System32\fwpuclnt.dll
0x00007ffc45250000 - 0x00007ffc45277000 	C:\WINDOWS\System32\bcrypt.dll
0x00007ffc38440000 - 0x00007ffc38467000 	C:\Program Files\Java\jdk-11.0.1\bin\sunec.dll
0x00007ffc44670000 - 0x00007ffc44688000 	C:\WINDOWS\SYSTEM32\CRYPTSP.dll
0x00007ffc43e00000 - 0x00007ffc43e34000 	C:\WINDOWS\system32\rsaenh.dll
0x00007ffc44c40000 - 0x00007ffc44c6e000 	C:\WINDOWS\SYSTEM32\USERENV.dll
0x00007ffc44690000 - 0x00007ffc4469c000 	C:\WINDOWS\SYSTEM32\CRYPTBASE.dll
0x00007ffc3ee50000 - 0x00007ffc3ee67000 	C:\WINDOWS\SYSTEM32\dhcpcsvc6.DLL
0x00007ffc3ee30000 - 0x00007ffc3ee4d000 	C:\WINDOWS\SYSTEM32\dhcpcsvc.DLL

dbghelp: loaded successfully - version: 4.0.5 - missing functions: none
symbol engine: initialized successfully - sym options: 0x614 - pdb path: .;C:\Program Files\Java\jdk-11.0.1\bin;C:\WINDOWS\SYSTEM32;C:\WINDOWS\WinSxS\amd64_microsoft.windows.common-controls_6595b64144ccf1df_6.0.19041.746_none_ca02b4b61b8320a4;C:\Program Files\Java\jdk-11.0.1\bin\server

VM Arguments:
java_command: C:\Users\Михаил\AppData\Local\Temp\surefire8096182080841448507\surefirebooter9062594692492813014.jar C:\Users\Михаил\AppData\Local\Temp\surefire8096182080841448507 2021-02-22T01-08-51_527-jvmRun1 surefire9494840406079908984tmp surefire_015830592614243123592tmp
java_class_path (initial): C:\Users\Михаил\AppData\Local\Temp\surefire8096182080841448507\surefirebooter9062594692492813014.jar
Launcher Type: SUN_STANDARD

[Global flags]
     intx CICompilerCount                          = 3                                         {product} {ergonomic}
     uint ConcGCThreads                            = 1                                         {product} {ergonomic}
     uint G1ConcRefinementThreads                  = 4                                         {product} {ergonomic}
   size_t G1HeapRegionSize                         = 1048576                                   {product} {ergonomic}
    uintx GCDrainStackTargetSize                   = 64                                        {product} {ergonomic}
   size_t InitialHeapSize                          = 132120576                                 {product} {ergonomic}
   size_t MarkStackSize                            = 4194304                                   {product} {ergonomic}
   size_t MaxHeapSize                              = 2113929216                                {product} {ergonomic}
   size_t MaxNewSize                               = 1267728384                                {product} {ergonomic}
   size_t MinHeapDeltaBytes                        = 1048576                                   {product} {ergonomic}
    uintx NonNMethodCodeHeapSize                   = 5830092                                {pd product} {ergonomic}
    uintx NonProfiledCodeHeapSize                  = 122914074                              {pd product} {ergonomic}
    uintx ProfiledCodeHeapSize                     = 122914074                              {pd product} {ergonomic}
    uintx ReservedCodeCacheSize                    = 251658240                              {pd product} {ergonomic}
     bool SegmentedCodeCache                       = true                                      {product} {ergonomic}
     bool UseCompressedClassPointers               = true                                 {lp64_product} {ergonomic}
     bool UseCompressedOops                        = true                                 {lp64_product} {ergonomic}
     bool UseG1GC                                  = true                                      {product} {ergonomic}
     bool UseLargePagesIndividualAllocation        = false                                  {pd product} {ergonomic}

Logging:
Log output configuration:
 #0: stdout all=warning uptime,level,tags
 #1: stderr all=off uptime,level,tags

Environment Variables:
JAVA_HOME=C:\Program Files\Java\jdk-11.0.1
PATH=C:\Program Files (x86)\Common Files\Oracle\Java\javapath;C:\ProgramData\Oracle\Java\javapath;C:\Windows\system32;C:\Windows;C:\Windows\System32\Wbem;C:\Windows\System32\WindowsPowerShell\v1.0\;C:\Program Files (x86)\NVIDIA Corporation\PhysX\Common;C:\Program Files\dotnet\;C:\WINDOWS\system32;C:\WINDOWS;C:\WINDOWS\System32\Wbem;C:\WINDOWS\System32\WindowsPowerShell\v1.0\;C:\WINDOWS\System32\OpenSSH\;C:\Program Files\NVIDIA Corporation\NVIDIA NvDLISR;D:\Programs\GitHub\Git\cmd;C:\Program Files\Intel\WiFi\bin\;C:\Program Files\Common Files\Intel\WirelessCommon\;C:\Program Files (x86)\Intel\Intel(R) Management Engine Components\DAL;C:\Program Files\Intel\Intel(R) Management Engine Components\DAL;C:\Program Files\nodejs\;C:\Program Files\Java\jdk-11.0.1\bin;D:\Programs\maven\apache-maven-3.6.3\bin;C:\Program Files\Microsoft SQL Server\130\Tools\Binn\;C:\Program Files\Microsoft SQL Server\Client SDK\ODBC\170\Tools\Binn\;C:\Program Files\Docker\Docker\resources\bin;C:\ProgramData\DockerDesktop\version-bin;C:\Program Files\MySQL\MySQL Shell 8.0\bin\;C:\Users\Михаил\AppData\Local\Microsoft\WindowsApps;C:\Users\Михаил\AppData\Local\GitHubDesktop\bin;C:\Program Files (x86)\OpenVPN\bin;;C:\Users\Михаил\AppData\Local\Programs\Microsoft VS Code\bin;C:\Users\Михаил\AppData\Roaming\npm;C:\Users\Михаил\.dotnet\tools;%USERPROFILE%\AppData\Local\Microsoft\WindowsApps
USERNAME=Михаил
OS=Windows_NT
PROCESSOR_IDENTIFIER=Intel64 Family 6 Model 158 Stepping 9, GenuineIntel



---------------  S Y S T E M  ---------------

OS: Windows 10 , 64 bit Build 19041 (10.0.19041.804)

CPU:total 4 (initial active 4) (4 cores per cpu, 1 threads per core) family 6 model 158 stepping 9, cmov, cx8, fxsr, mmx, sse, sse2, sse3, ssse3, sse4.1, sse4.2, popcnt, avx, avx2, aes, clmul, erms, 3dnowpref, lzcnt, tsc, tscinvbit, bmi1, bmi2, adx, fma

Memory: 4k page, system-wide physical 8057M (362M free)
TotalPageFile size 16249M (AvailPageFile size 3M)
current process WorkingSet (physical memory assigned to process): 285M, peak: 300M
current process commit charge ("private bytes"): 360M, peak: 387M

vm_info: Java HotSpot(TM) 64-Bit Server VM (11.0.1+13-LTS) for windows-amd64 JRE (11.0.1+13-LTS), built on Oct  6 2018 13:20:16 by "mach5one" with MS VC++ 15.5 (VS2017)

END.
